2022-22-20 11:22:44 INFO  o.k.m.aop.AroundLoggingAspect - **AOP**
2022-22-20 11:22:44 INFO  o.k.m.aop.AroundLoggingAspect - **AOP**
2022-22-20 11:22:44 INFO  o.k.m.aop.AroundLoggingAspect - **AOP**
2022-22-20 11:22:44 INFO  o.k.m.aop.AroundLoggingAspect - **AOP**
2022-28-20 11:28:45 INFO  o.k.m.aop.AroundLoggingAspect - **AOP before Advice**
2022-28-20 11:28:45 INFO  o.k.m.aop.AroundLoggingAspect - **AOP before Advice**
2022-28-20 11:28:45 INFO  o.k.m.aop.AroundLoggingAspect - **AOP before Advice**
2022-28-20 11:28:45 INFO  o.k.m.aop.AroundLoggingAspect - **AOP before Advice**
2022-30-20 11:30:42 INFO  o.k.m.aop.AroundLoggingAspect - **AOP before Advice**
2022-30-20 11:30:42 INFO  o.k.m.aop.AroundLoggingAspect - **AOP before Advice**
2022-30-20 11:30:42 INFO  o.k.m.aop.AroundLoggingAspect - **AOP before Advice**
2022-30-20 11:30:42 INFO  o.k.m.aop.AroundLoggingAspect - **AOP before Advice**
2022-32-20 11:32:15 INFO  o.k.m.aop.AroundLoggingAspect - **AOP before Advice**
2022-32-20 11:32:15 INFO  o.k.m.aop.AroundLoggingAspect - **AOP before Advice**
2022-32-20 11:32:15 INFO  o.k.m.aop.AroundLoggingAspect - **AOP After Advice: return value is : 아이유
2022-32-20 11:32:15 INFO  o.k.m.aop.AroundLoggingAspect - **AOP before Advice**
2022-32-20 11:32:15 INFO  o.k.m.aop.AroundLoggingAspect - **AOP before Advice**
2022-32-20 11:32:15 INFO  o.k.m.aop.AroundLoggingAspect - **AOP After Advice: return value is : 오뚜기
2022-46-20 11:46:40 INFO  o.k.m.aop.AroundLoggingAspect - **AOP before Advice**
2022-46-20 11:46:41 INFO  o.k.m.aop.AroundLoggingAspect - **AOP before Advice**
2022-46-20 11:46:41 INFO  o.k.m.aop.AroundLoggingAspect - **AOP After Advice: return value is : 아이유
2022-46-20 11:46:41 INFO  o.k.m.aop.AroundLoggingAspect - **AOP before Advice**
2022-46-20 11:46:41 INFO  o.k.m.aop.AroundLoggingAspect - **AOP before Advice**
2022-46-20 11:46:41 INFO  o.k.m.aop.AroundLoggingAspect - **AOP After Advice: return value is : 오뚜기
2022-46-20 11:46:41 INFO  o.k.m.aop.AroundLoggingAspect - **AOP before Advice**
2022-47-20 11:47:37 INFO  o.k.m.aop.AroundLoggingAspect - **AOP before Advice**
2022-47-20 11:47:37 INFO  o.k.m.aop.AroundLoggingAspect - **AOP before Advice**
2022-47-20 11:47:37 INFO  o.k.m.aop.AroundLoggingAspect - **AOP After Advice: return value is : 아이유
2022-47-20 11:47:37 INFO  o.k.m.aop.AroundLoggingAspect - **AOP before Advice**
2022-47-20 11:47:37 INFO  o.k.m.aop.AroundLoggingAspect - **AOP before Advice**
2022-47-20 11:47:37 INFO  o.k.m.aop.AroundLoggingAspect - **AOP After Advice: return value is : 오뚜기
2022-47-20 11:47:37 INFO  o.k.m.aop.AroundLoggingAspect - **AOP before Advice**
2022-50-20 11:50:01 INFO  o.k.m.aop.AroundLoggingAspect - **AOP before Advice**
2022-50-20 11:50:01 INFO  o.k.m.aop.AroundLoggingAspect - **AOP before Advice**
2022-50-20 11:50:01 INFO  o.k.m.aop.AroundLoggingAspect - **AOP After Advice: return value is : 아이유
2022-50-20 11:50:01 INFO  o.k.m.aop.AroundLoggingAspect - **AOP before Advice**
2022-50-20 11:50:01 INFO  o.k.m.aop.AroundLoggingAspect - **AOP before Advice**
2022-50-20 11:50:01 INFO  o.k.m.aop.AroundLoggingAspect - **AOP After Advice: return value is : 오뚜기
2022-50-20 11:50:01 INFO  o.k.m.aop.AroundLoggingAspect - **AOP before Advice**
2022-50-20 11:50:01 INFO  o.k.m.aop.AroundLoggingAspect - **AOP before Advice**
2022-50-20 11:50:01 INFO  o.k.m.aop.AroundLoggingAspect - AOP After Thrwoing Advice: 재고수량이 부족합니다, 공급처에 메시지를 전달합니다.
2022-50-20 11:50:28 INFO  o.k.m.aop.AroundLoggingAspect - **AOP before Advice**
2022-50-20 11:50:28 INFO  o.k.m.aop.AroundLoggingAspect - **AOP before Advice**
2022-50-20 11:50:28 INFO  o.k.m.aop.AroundLoggingAspect - **AOP After Advice: return value is : 아이유
2022-50-20 11:50:28 INFO  o.k.m.aop.AroundLoggingAspect - **AOP before Advice**
2022-50-20 11:50:28 INFO  o.k.m.aop.AroundLoggingAspect - **AOP before Advice**
2022-50-20 11:50:28 INFO  o.k.m.aop.AroundLoggingAspect - **AOP After Advice: return value is : 오뚜기
2022-50-20 11:50:28 INFO  o.k.m.aop.AroundLoggingAspect - **AOP before Advice**
2022-51-20 11:51:05 INFO  o.k.m.aop.AroundLoggingAspect - **AOP before Advice**
2022-51-20 11:51:05 INFO  o.k.m.aop.AroundLoggingAspect - **AOP before Advice**
2022-51-20 11:51:05 INFO  o.k.m.aop.AroundLoggingAspect - **AOP After Advice: return value is : 아이유
2022-51-20 11:51:05 INFO  o.k.m.aop.AroundLoggingAspect - **AOP before Advice**
2022-51-20 11:51:05 INFO  o.k.m.aop.AroundLoggingAspect - **AOP before Advice**
2022-51-20 11:51:05 INFO  o.k.m.aop.AroundLoggingAspect - **AOP After Advice: return value is : 오뚜기
2022-51-20 11:51:05 INFO  o.k.m.aop.AroundLoggingAspect - **AOP before Advice**
2022-51-20 11:51:05 INFO  o.k.m.aop.AroundLoggingAspect - **AOP before Advice**
2022-51-20 11:51:05 INFO  o.k.m.aop.AroundLoggingAspect - AOP After Thrwoing Advice: 재고수량이 부족합니다, 공급처에 메시지를 전달합니다.
2022-53-20 11:53:43 INFO  o.k.m.aop.AroundLoggingAspect - **AOP before Advice**
2022-53-20 11:53:43 INFO  o.k.m.aop.AroundLoggingAspect - **AOP before Advice**
2022-53-20 11:53:43 INFO  o.k.m.aop.AroundLoggingAspect - **AOP After Advice: return value is : 아이유
2022-53-20 11:53:43 INFO  o.k.m.aop.AroundLoggingAspect - **AOP before Advice**
2022-53-20 11:53:43 INFO  o.k.m.aop.AroundLoggingAspect - **AOP before Advice**
2022-53-20 11:53:43 INFO  o.k.m.aop.AroundLoggingAspect - **AOP After Advice: return value is : 오뚜기
2022-53-20 11:53:43 INFO  o.k.m.aop.AroundLoggingAspect - **AOP before Advice**
2022-53-20 11:53:43 INFO  o.k.m.aop.AroundLoggingAspect - **AOP before Advice**
2022-53-20 11:53:43 INFO  o.k.m.aop.AroundLoggingAspect - AOP After Thrwoing Advice: 재고수량이 부족합니다, 공급처에 메시지를 전달합니다.
2022-54-20 11:54:15 INFO  o.k.m.aop.AroundLoggingAspect - **AOP before Advice**
2022-54-20 11:54:15 INFO  o.k.m.aop.AroundLoggingAspect - **AOP before Advice**
2022-54-20 11:54:15 INFO  o.k.m.aop.AroundLoggingAspect - **AOP After Advice: return value is : 아이유
2022-54-20 11:54:15 INFO  o.k.m.aop.AroundLoggingAspect - **AOP before Advice**
2022-54-20 11:54:15 INFO  o.k.m.aop.AroundLoggingAspect - **AOP before Advice**
2022-54-20 11:54:15 INFO  o.k.m.aop.AroundLoggingAspect - **AOP After Advice: return value is : 오뚜기
2022-54-20 11:54:15 INFO  o.k.m.aop.AroundLoggingAspect - **AOP before Advice**
2022-54-20 11:54:15 INFO  o.k.m.aop.AroundLoggingAspect - **AOP before Advice**
2022-54-20 11:54:15 INFO  o.k.m.aop.AroundLoggingAspect - AOP After Thrwoing Advice: 재고수량이 부족합니다, 공급처에 메시지를 전달합니다.
2022-03-20 12:03:58 INFO  o.k.m.aop.AroundLoggingAspect - **AOP before Advice**
2022-03-20 12:03:58 INFO  o.k.m.aop.AroundLoggingAspect - **AOP After advice : org.kosta.myproject.model.PersonService, org.kosta.myproject.model.PersonService**
2022-03-20 12:03:58 INFO  o.k.m.aop.AroundLoggingAspect - **AOP before Advice**
2022-03-20 12:03:58 INFO  o.k.m.aop.AroundLoggingAspect - **AOP After Advice: return value is : 아이유
2022-03-20 12:03:58 INFO  o.k.m.aop.AroundLoggingAspect - **AOP After advice : org.kosta.myproject.model.PersonService, org.kosta.myproject.model.PersonService**
2022-03-20 12:03:58 INFO  o.k.m.aop.AroundLoggingAspect - **AOP before Advice**
2022-03-20 12:03:58 INFO  o.k.m.aop.AroundLoggingAspect - **AOP After advice : org.kosta.myproject.model.ProductService, org.kosta.myproject.model.ProductService**
2022-03-20 12:03:58 INFO  o.k.m.aop.AroundLoggingAspect - **AOP before Advice**
2022-03-20 12:03:58 INFO  o.k.m.aop.AroundLoggingAspect - **AOP After Advice: return value is : 오뚜기
2022-03-20 12:03:58 INFO  o.k.m.aop.AroundLoggingAspect - **AOP After advice : org.kosta.myproject.model.ProductService, org.kosta.myproject.model.ProductService**
2022-03-20 12:03:58 INFO  o.k.m.aop.AroundLoggingAspect - **AOP before Advice**
2022-03-20 12:03:58 INFO  o.k.m.aop.AroundLoggingAspect - **AOP After advice : org.kosta.myproject.model.ProductService, org.kosta.myproject.model.ProductService**
2022-03-20 12:03:58 INFO  o.k.m.aop.AroundLoggingAspect - **AOP before Advice**
2022-03-20 12:03:58 INFO  o.k.m.aop.AroundLoggingAspect - AOP After Thrwoing Advice: 재고수량이 부족합니다, 공급처에 메시지를 전달합니다.
2022-03-20 12:03:58 INFO  o.k.m.aop.AroundLoggingAspect - **AOP After advice : org.kosta.myproject.model.ProductService, org.kosta.myproject.model.ProductService**
2022-19-20 12:19:59 INFO  o.k.m.aop.AroundLoggingAspect - **AOP before Advice**
2022-19-20 12:19:59 INFO  o.k.m.aop.AroundLoggingAspect - **AOP After advice : org.kosta.myproject.model.PersonService, org.kosta.myproject.model.PersonService**
2022-19-20 12:19:59 INFO  o.k.m.aop.AroundLoggingAspect - **AOP before Advice**
2022-19-20 12:19:59 INFO  o.k.m.aop.AroundLoggingAspect - **AOP After Advice: return value is : 아이유
2022-19-20 12:19:59 INFO  o.k.m.aop.AroundLoggingAspect - **AOP After advice : org.kosta.myproject.model.PersonService, org.kosta.myproject.model.PersonService**
2022-19-20 12:19:59 INFO  o.k.m.aop.AroundLoggingAspect - **AOP before Advice**
2022-19-20 12:19:59 INFO  o.k.m.aop.AroundLoggingAspect - **AOP After advice : org.kosta.myproject.model.ProductService, org.kosta.myproject.model.ProductService**
2022-19-20 12:19:59 INFO  o.k.m.aop.AroundLoggingAspect - **AOP before Advice**
2022-19-20 12:19:59 INFO  o.k.m.aop.AroundLoggingAspect - **AOP After Advice: return value is : 오뚜기
2022-19-20 12:19:59 INFO  o.k.m.aop.AroundLoggingAspect - **AOP After advice : org.kosta.myproject.model.ProductService, org.kosta.myproject.model.ProductService**
2022-19-20 12:19:59 INFO  o.k.m.aop.AroundLoggingAspect - **AOP before Advice**
2022-19-20 12:19:59 INFO  o.k.m.aop.AroundLoggingAspect - **AOP After advice : org.kosta.myproject.model.ProductService, org.kosta.myproject.model.ProductService**
2022-19-20 12:19:59 INFO  o.k.m.aop.AroundLoggingAspect - **AOP before Advice**
2022-19-20 12:19:59 INFO  o.k.m.aop.AroundLoggingAspect - AOP After Thrwoing Advice: 재고수량이 부족합니다, 공급처에 메시지를 전달합니다.
2022-19-20 12:19:59 INFO  o.k.m.aop.AroundLoggingAspect - **AOP After advice : org.kosta.myproject.model.ProductService, org.kosta.myproject.model.ProductService**
